<?xml version="1.0" encoding="UTF-8"?>
<!-- Generated by org.testng.reporters.JUnitReportReporter -->
<testsuite skipped="0" hostname="ANOOP-PC" name="CucumberTest.testngtes" tests="1" failures="0" timestamp="12 Dec 2018 18:45:36 GMT" time="0.017" errors="0">
  <testcase name="dologin" time="0.017" classname="CucumberTest.testngtes"/>
</testsuite> <!-- CucumberTest.testngtes -->
