<?xml version="1.0" encoding="UTF-8"?>
<!-- Generated by org.testng.reporters.JUnitReportReporter -->
<testsuite skipped="0" hostname="ANOOP-PC" name="CucumberTest.CucumberTest.CucumberTest.NewTest" tests="1" failures="0" timestamp="12 Dec 2018 17:54:57 GMT" time="0.043" errors="0">
  <testcase name="f" time="0.043" classname="CucumberTest.CucumberTest.CucumberTest.NewTest"/>
</testsuite> <!-- CucumberTest.CucumberTest.CucumberTest.NewTest -->
