<?xml version="1.0" encoding="UTF-8"?>
<!-- Generated by org.testng.reporters.JUnitReportReporter -->
<testsuite skipped="0" hostname="ANOOP-PC" name="CucumberTest.CucumberTest.SeleniumTestTest" tests="1" failures="0" timestamp="12 Dec 2018 18:02:03 GMT" time="89.899" errors="0">
  <testcase name="main" time="89.899" classname="CucumberTest.CucumberTest.SeleniumTestTest"/>
</testsuite> <!-- CucumberTest.CucumberTest.SeleniumTestTest -->
