<?xml version="1.0" encoding="UTF-8"?>
<!-- Generated by org.testng.reporters.JUnitReportReporter -->
<testsuite skipped="0" hostname="ANOOP-PC" name="CucumberTest.anothertest" tests="4" failures="0" timestamp="12 Dec 2018 19:27:49 GMT" time="0.045" errors="0">
  <testcase name="funtionname2" time="0.007" classname="CucumberTest.anothertest"/>
  <testcase name="funtionname4" time="0.009" classname="CucumberTest.anothertest"/>
  <testcase name="funtionname4" time="0.006" classname="CucumberTest.anothertest"/>
  <testcase name="funtionname1" time="0.023" classname="CucumberTest.anothertest"/>
</testsuite> <!-- CucumberTest.anothertest -->
