<?xml version="1.0" encoding="UTF-8"?>
<!-- Generated by org.testng.reporters.JUnitReportReporter -->
<testsuite skipped="0" hostname="ANOOP-PC" name="CucumberTest.anothertest" tests="4" failures="0" timestamp="12 Dec 2018 19:13:54 GMT" time="0.001" errors="0">
  <testcase name="funtionname1" time="0.000" classname="CucumberTest.anothertest"/>
  <testcase name="funtionname2" time="0.000" classname="CucumberTest.anothertest"/>
  <testcase name="funtionname4" time="0.001" classname="CucumberTest.anothertest"/>
  <testcase name="funtionname4" time="0.000" classname="CucumberTest.anothertest"/>
</testsuite> <!-- CucumberTest.anothertest -->
